<?xml version="1.0" encoding="UTF-8"?>
<testsuite xmlns:xsi="http://www.w3.org/2001/XMLSchema-instance" xsi:noNamespaceSchemaLocation="https://maven.apache.org/surefire/maven-surefire-plugin/xsd/surefire-test-report-3.0.xsd" version="3.0" name="Test_UnRegisterService" time="9.197" tests="1" errors="0" skipped="0" failures="0">
  <properties>
    <property name="java.specification.version" value="21"/>
    <property name="sun.jnu.encoding" value="UTF-8"/>
    <property name="java.class.path" value="/Users/marokrikoor/Documents/Graphwalker/ServiceRegistry/target/test-classes:/Users/marokrikoor/Documents/Graphwalker/ServiceRegistry/target/classes:/Users/marokrikoor/.m2/repository/org/graphwalker/graphwalker-websocket/4.3.0/graphwalker-websocket-4.3.0.jar:/Users/marokrikoor/.m2/repository/org/graphwalker/graphwalker-model-checker/4.3.0/graphwalker-model-checker-4.3.0.jar:/Users/marokrikoor/.m2/repository/org/java-websocket/Java-WebSocket/1.5.1/Java-WebSocket-1.5.1.jar:/Users/marokrikoor/.m2/repository/org/slf4j/slf4j-api/1.7.26/slf4j-api-1.7.26.jar:/Users/marokrikoor/.m2/repository/com/aventstack/extentreports/5.0.8/extentreports-5.0.8.jar:/Users/marokrikoor/.m2/repository/io/reactivex/rxjava3/rxjava/3.0.4/rxjava-3.0.4.jar:/Users/marokrikoor/.m2/repository/org/reactivestreams/reactive-streams/1.0.3/reactive-streams-1.0.3.jar:/Users/marokrikoor/.m2/repository/org/freemarker/freemarker/2.3.30/freemarker-2.3.30.jar:/Users/marokrikoor/.m2/repository/com/google/code/gson/gson/2.8.6/gson-2.8.6.jar:/Users/marokrikoor/.m2/repository/org/apache/commons/commons-lang3/3.4/commons-lang3-3.4.jar:/Users/marokrikoor/.m2/repository/junit/junit/4.13.2/junit-4.13.2.jar:/Users/marokrikoor/.m2/repository/org/hamcrest/hamcrest-core/1.3/hamcrest-core-1.3.jar:/Users/marokrikoor/.m2/repository/org/seleniumhq/selenium/selenium-java/4.0.0-alpha-1/selenium-java-4.0.0-alpha-1.jar:/Users/marokrikoor/.m2/repository/org/seleniumhq/selenium/selenium-chrome-driver/4.0.0-alpha-1/selenium-chrome-driver-4.0.0-alpha-1.jar:/Users/marokrikoor/.m2/repository/org/seleniumhq/selenium/selenium-remote-driver/4.0.0-alpha-1/selenium-remote-driver-4.0.0-alpha-1.jar:/Users/marokrikoor/.m2/repository/org/seleniumhq/selenium/selenium-api/4.0.0-alpha-1/selenium-api-4.0.0-alpha-1.jar:/Users/marokrikoor/.m2/repository/net/bytebuddy/byte-buddy/1.9.12/byte-buddy-1.9.12.jar:/Users/marokrikoor/.m2/repository/com/squareup/okhttp3/okhttp/3.14.0/okhttp-3.14.0.jar:/Users/marokrikoor/.m2/repository/com/squareup/okio/okio/1.17.2/okio-1.17.2.jar:/Users/marokrikoor/.m2/repository/org/seleniumhq/selenium/selenium-edge-driver/4.0.0-alpha-1/selenium-edge-driver-4.0.0-alpha-1.jar:/Users/marokrikoor/.m2/repository/org/seleniumhq/selenium/selenium-firefox-xpi-driver/4.0.0-alpha-1/selenium-firefox-xpi-driver-4.0.0-alpha-1.jar:/Users/marokrikoor/.m2/repository/org/seleniumhq/selenium/selenium-firefox-driver/4.0.0-alpha-1/selenium-firefox-driver-4.0.0-alpha-1.jar:/Users/marokrikoor/.m2/repository/org/seleniumhq/selenium/selenium-ie-driver/4.0.0-alpha-1/selenium-ie-driver-4.0.0-alpha-1.jar:/Users/marokrikoor/.m2/repository/org/seleniumhq/selenium/selenium-opera-driver/4.0.0-alpha-1/selenium-opera-driver-4.0.0-alpha-1.jar:/Users/marokrikoor/.m2/repository/org/seleniumhq/selenium/selenium-safari-driver/4.0.0-alpha-1/selenium-safari-driver-4.0.0-alpha-1.jar:/Users/marokrikoor/.m2/repository/org/seleniumhq/selenium/selenium-support/4.0.0-alpha-1/selenium-support-4.0.0-alpha-1.jar:/Users/marokrikoor/.m2/repository/org/apache/httpcomponents/httpclient/4.5.13/httpclient-4.5.13.jar:/Users/marokrikoor/.m2/repository/org/apache/httpcomponents/httpcore/4.4.13/httpcore-4.4.13.jar:/Users/marokrikoor/.m2/repository/commons-logging/commons-logging/1.2/commons-logging-1.2.jar:/Users/marokrikoor/.m2/repository/commons-codec/commons-codec/1.11/commons-codec-1.11.jar:/Users/marokrikoor/.m2/repository/org/graphwalker/graphwalker-core/4.3.1/graphwalker-core-4.3.1.jar:/Users/marokrikoor/.m2/repository/org/graalvm/sdk/graal-sdk/21.0.0.2/graal-sdk-21.0.0.2.jar:/Users/marokrikoor/.m2/repository/org/graalvm/js/js/21.0.0.2/js-21.0.0.2.jar:/Users/marokrikoor/.m2/repository/org/graalvm/regex/regex/21.0.0.2/regex-21.0.0.2.jar:/Users/marokrikoor/.m2/repository/com/ibm/icu/icu4j/67.1/icu4j-67.1.jar:/Users/marokrikoor/.m2/repository/org/graalvm/js/js-scriptengine/21.0.0.2/js-scriptengine-21.0.0.2.jar:/Users/marokrikoor/.m2/repository/org/graalvm/truffle/truffle-api/21.0.0.2/truffle-api-21.0.0.2.jar:/Users/marokrikoor/.m2/repository/org/graphwalker/graphwalker-io/4.3.1/graphwalker-io-4.3.1.jar:/Users/marokrikoor/.m2/repository/org/graphwalker/graphwalker-dsl/4.3.1/graphwalker-dsl-4.3.1.jar:/Users/marokrikoor/.m2/repository/org/antlr/antlr4-runtime/4.9.1/antlr4-runtime-4.9.1.jar:/Users/marokrikoor/.m2/repository/org/apache/xmlbeans/xmlbeans/3.1.0/xmlbeans-3.1.0.jar:/Users/marokrikoor/.m2/repository/org/reflections/reflections/0.9.12/reflections-0.9.12.jar:/Users/marokrikoor/.m2/repository/org/json/json/20201115/json-20201115.jar:/Users/marokrikoor/.m2/repository/commons-io/commons-io/2.8.0/commons-io-2.8.0.jar:/Users/marokrikoor/.m2/repository/com/google/guava/guava/30.1-jre/guava-30.1-jre.jar:/Users/marokrikoor/.m2/repository/com/google/guava/failureaccess/1.0.1/failureaccess-1.0.1.jar:/Users/marokrikoor/.m2/repository/com/google/guava/listenablefuture/9999.0-empty-to-avoid-conflict-with-guava/listenablefuture-9999.0-empty-to-avoid-conflict-with-guava.jar:/Users/marokrikoor/.m2/repository/org/checkerframework/checker-qual/3.5.0/checker-qual-3.5.0.jar:/Users/marokrikoor/.m2/repository/com/google/errorprone/error_prone_annotations/2.3.4/error_prone_annotations-2.3.4.jar:/Users/marokrikoor/.m2/repository/com/google/j2objc/j2objc-annotations/1.3/j2objc-annotations-1.3.jar:/Users/marokrikoor/.m2/repository/org/graphwalker/graphwalker-java/4.3.1/graphwalker-java-4.3.1.jar:/Users/marokrikoor/.m2/repository/com/google/code/javaparser/javaparser/1.0.11/javaparser-1.0.11.jar:/Users/marokrikoor/.m2/repository/com/sun/xml/bind/jaxb-core/2.3.0.1/jaxb-core-2.3.0.1.jar:/Users/marokrikoor/.m2/repository/javax/xml/bind/jaxb-api/2.4.0-b180830.0359/jaxb-api-2.4.0-b180830.0359.jar:/Users/marokrikoor/.m2/repository/javax/activation/javax.activation-api/1.2.0/javax.activation-api-1.2.0.jar:/Users/marokrikoor/.m2/repository/com/sun/xml/bind/jaxb-impl/2.3.1/jaxb-impl-2.3.1.jar:/Users/marokrikoor/.m2/repository/org/javassist/javassist/3.27.0-GA/javassist-3.27.0-GA.jar:/Users/marokrikoor/.m2/repository/org/graphwalker/graphwalker-maven-plugin/4.3.1/graphwalker-maven-plugin-4.3.1.jar:/Users/marokrikoor/.m2/repository/org/apache/maven/maven-core/3.6.3/maven-core-3.6.3.jar:/Users/marokrikoor/.m2/repository/org/apache/maven/maven-model/3.6.3/maven-model-3.6.3.jar:/Users/marokrikoor/.m2/repository/org/apache/maven/maven-settings/3.6.3/maven-settings-3.6.3.jar:/Users/marokrikoor/.m2/repository/org/apache/maven/maven-settings-builder/3.6.3/maven-settings-builder-3.6.3.jar:/Users/marokrikoor/.m2/repository/org/codehaus/plexus/plexus-interpolation/1.25/plexus-interpolation-1.25.jar:/Users/marokrikoor/.m2/repository/org/sonatype/plexus/plexus-sec-dispatcher/1.4/plexus-sec-dispatcher-1.4.jar:/Users/marokrikoor/.m2/repository/org/sonatype/plexus/plexus-cipher/1.4/plexus-cipher-1.4.jar:/Users/marokrikoor/.m2/repository/org/apache/maven/maven-builder-support/3.6.3/maven-builder-support-3.6.3.jar:/Users/marokrikoor/.m2/repository/org/apache/maven/maven-repository-metadata/3.6.3/maven-repository-metadata-3.6.3.jar:/Users/marokrikoor/.m2/repository/org/apache/maven/maven-artifact/3.6.3/maven-artifact-3.6.3.jar:/Users/marokrikoor/.m2/repository/org/apache/maven/maven-model-builder/3.6.3/maven-model-builder-3.6.3.jar:/Users/marokrikoor/.m2/repository/org/apache/maven/maven-resolver-provider/3.6.3/maven-resolver-provider-3.6.3.jar:/Users/marokrikoor/.m2/repository/org/apache/maven/resolver/maven-resolver-impl/1.4.1/maven-resolver-impl-1.4.1.jar:/Users/marokrikoor/.m2/repository/org/apache/maven/resolver/maven-resolver-api/1.4.1/maven-resolver-api-1.4.1.jar:/Users/marokrikoor/.m2/repository/org/apache/maven/resolver/maven-resolver-spi/1.4.1/maven-resolver-spi-1.4.1.jar:/Users/marokrikoor/.m2/repository/org/apache/maven/resolver/maven-resolver-util/1.4.1/maven-resolver-util-1.4.1.jar:/Users/marokrikoor/.m2/repository/org/apache/maven/shared/maven-shared-utils/3.2.1/maven-shared-utils-3.2.1.jar:/Users/marokrikoor/.m2/repository/org/eclipse/sisu/org.eclipse.sisu.plexus/0.3.4/org.eclipse.sisu.plexus-0.3.4.jar:/Users/marokrikoor/.m2/repository/javax/enterprise/cdi-api/1.0/cdi-api-1.0.jar:/Users/marokrikoor/.m2/repository/javax/annotation/jsr250-api/1.0/jsr250-api-1.0.jar:/Users/marokrikoor/.m2/repository/org/eclipse/sisu/org.eclipse.sisu.inject/0.3.4/org.eclipse.sisu.inject-0.3.4.jar:/Users/marokrikoor/.m2/repository/com/google/inject/guice/4.2.1/guice-4.2.1-no_aop.jar:/Users/marokrikoor/.m2/repository/aopalliance/aopalliance/1.0/aopalliance-1.0.jar:/Users/marokrikoor/.m2/repository/javax/inject/javax.inject/1/javax.inject-1.jar:/Users/marokrikoor/.m2/repository/org/codehaus/plexus/plexus-utils/3.2.1/plexus-utils-3.2.1.jar:/Users/marokrikoor/.m2/repository/org/codehaus/plexus/plexus-classworlds/2.6.0/plexus-classworlds-2.6.0.jar:/Users/marokrikoor/.m2/repository/org/codehaus/plexus/plexus-component-annotations/2.1.0/plexus-component-annotations-2.1.0.jar:/Users/marokrikoor/.m2/repository/org/apache/maven/maven-plugin-api/3.6.3/maven-plugin-api-3.6.3.jar:/Users/marokrikoor/.m2/repository/ch/qos/logback/logback-classic/1.2.3/logback-classic-1.2.3.jar:/Users/marokrikoor/.m2/repository/ch/qos/logback/logback-core/1.2.3/logback-core-1.2.3.jar:/Users/marokrikoor/.m2/repository/com/googlecode/json-simple/json-simple/1.1.1/json-simple-1.1.1.jar:/Users/marokrikoor/.m2/repository/guru/nidi/graphviz-java/0.18.1/graphviz-java-0.18.1.jar:/Users/marokrikoor/.m2/repository/org/webjars/npm/viz.js-graphviz-java/2.1.3/viz.js-graphviz-java-2.1.3.jar:/Users/marokrikoor/.m2/repository/net/arnx/nashorn-promise/0.1.1/nashorn-promise-0.1.1.jar:/Users/marokrikoor/.m2/repository/org/apache/commons/commons-exec/1.3/commons-exec-1.3.jar:/Users/marokrikoor/.m2/repository/com/google/code/findbugs/jsr305/3.0.2/jsr305-3.0.2.jar:/Users/marokrikoor/.m2/repository/org/slf4j/jcl-over-slf4j/1.7.30/jcl-over-slf4j-1.7.30.jar:/Users/marokrikoor/.m2/repository/org/slf4j/jul-to-slf4j/1.7.30/jul-to-slf4j-1.7.30.jar:/Users/marokrikoor/.m2/repository/guru/nidi/com/eclipsesource/j2v8/j2v8_macosx_x86_64/4.6.0/j2v8_macosx_x86_64-4.6.0.jar:/Users/marokrikoor/.m2/repository/guru/nidi/com/kitfox/svgSalamander/1.1.3/svgSalamander-1.1.3.jar:/Users/marokrikoor/.m2/repository/org/projectlombok/lombok/1.18.30/lombok-1.18.30.jar:"/>
    <property name="java.vm.vendor" value="Homebrew"/>
    <property name="sun.arch.data.model" value="64"/>
    <property name="failcase" value="false"/>
    <property name="java.vendor.url" value="https://github.com/Homebrew/homebrew-core/issues"/>
    <property name="os.name" value="Mac OS X"/>
    <property name="java.vm.specification.version" value="21"/>
    <property name="sun.java.launcher" value="SUN_STANDARD"/>
    <property name="user.country" value="AT"/>
    <property name="sun.boot.library.path" value="/usr/local/Cellar/openjdk/21/libexec/openjdk.jdk/Contents/Home/lib"/>
    <property name="sun.java.command" value="/Users/marokrikoor/Documents/Graphwalker/ServiceRegistry/target/surefire/surefirebooter-20231106213139060_3.jar /Users/marokrikoor/Documents/Graphwalker/ServiceRegistry/target/surefire 2023-11-06T21-31-38_984-jvmRun1 surefire-20231106213139060_1tmp surefire_0-20231106213139060_2tmp"/>
    <property name="http.nonProxyHosts" value="local|*.local|169.254/16|*.169.254/16"/>
    <property name="jdk.debug" value="release"/>
    <property name="test" value="Test_UnRegisterService"/>
    <property name="surefire.test.class.path" value="/Users/marokrikoor/Documents/Graphwalker/ServiceRegistry/target/test-classes:/Users/marokrikoor/Documents/Graphwalker/ServiceRegistry/target/classes:/Users/marokrikoor/.m2/repository/org/graphwalker/graphwalker-websocket/4.3.0/graphwalker-websocket-4.3.0.jar:/Users/marokrikoor/.m2/repository/org/graphwalker/graphwalker-model-checker/4.3.0/graphwalker-model-checker-4.3.0.jar:/Users/marokrikoor/.m2/repository/org/java-websocket/Java-WebSocket/1.5.1/Java-WebSocket-1.5.1.jar:/Users/marokrikoor/.m2/repository/org/slf4j/slf4j-api/1.7.26/slf4j-api-1.7.26.jar:/Users/marokrikoor/.m2/repository/com/aventstack/extentreports/5.0.8/extentreports-5.0.8.jar:/Users/marokrikoor/.m2/repository/io/reactivex/rxjava3/rxjava/3.0.4/rxjava-3.0.4.jar:/Users/marokrikoor/.m2/repository/org/reactivestreams/reactive-streams/1.0.3/reactive-streams-1.0.3.jar:/Users/marokrikoor/.m2/repository/org/freemarker/freemarker/2.3.30/freemarker-2.3.30.jar:/Users/marokrikoor/.m2/repository/com/google/code/gson/gson/2.8.6/gson-2.8.6.jar:/Users/marokrikoor/.m2/repository/org/apache/commons/commons-lang3/3.4/commons-lang3-3.4.jar:/Users/marokrikoor/.m2/repository/junit/junit/4.13.2/junit-4.13.2.jar:/Users/marokrikoor/.m2/repository/org/hamcrest/hamcrest-core/1.3/hamcrest-core-1.3.jar:/Users/marokrikoor/.m2/repository/org/seleniumhq/selenium/selenium-java/4.0.0-alpha-1/selenium-java-4.0.0-alpha-1.jar:/Users/marokrikoor/.m2/repository/org/seleniumhq/selenium/selenium-chrome-driver/4.0.0-alpha-1/selenium-chrome-driver-4.0.0-alpha-1.jar:/Users/marokrikoor/.m2/repository/org/seleniumhq/selenium/selenium-remote-driver/4.0.0-alpha-1/selenium-remote-driver-4.0.0-alpha-1.jar:/Users/marokrikoor/.m2/repository/org/seleniumhq/selenium/selenium-api/4.0.0-alpha-1/selenium-api-4.0.0-alpha-1.jar:/Users/marokrikoor/.m2/repository/net/bytebuddy/byte-buddy/1.9.12/byte-buddy-1.9.12.jar:/Users/marokrikoor/.m2/repository/com/squareup/okhttp3/okhttp/3.14.0/okhttp-3.14.0.jar:/Users/marokrikoor/.m2/repository/com/squareup/okio/okio/1.17.2/okio-1.17.2.jar:/Users/marokrikoor/.m2/repository/org/seleniumhq/selenium/selenium-edge-driver/4.0.0-alpha-1/selenium-edge-driver-4.0.0-alpha-1.jar:/Users/marokrikoor/.m2/repository/org/seleniumhq/selenium/selenium-firefox-xpi-driver/4.0.0-alpha-1/selenium-firefox-xpi-driver-4.0.0-alpha-1.jar:/Users/marokrikoor/.m2/repository/org/seleniumhq/selenium/selenium-firefox-driver/4.0.0-alpha-1/selenium-firefox-driver-4.0.0-alpha-1.jar:/Users/marokrikoor/.m2/repository/org/seleniumhq/selenium/selenium-ie-driver/4.0.0-alpha-1/selenium-ie-driver-4.0.0-alpha-1.jar:/Users/marokrikoor/.m2/repository/org/seleniumhq/selenium/selenium-opera-driver/4.0.0-alpha-1/selenium-opera-driver-4.0.0-alpha-1.jar:/Users/marokrikoor/.m2/repository/org/seleniumhq/selenium/selenium-safari-driver/4.0.0-alpha-1/selenium-safari-driver-4.0.0-alpha-1.jar:/Users/marokrikoor/.m2/repository/org/seleniumhq/selenium/selenium-support/4.0.0-alpha-1/selenium-support-4.0.0-alpha-1.jar:/Users/marokrikoor/.m2/repository/org/apache/httpcomponents/httpclient/4.5.13/httpclient-4.5.13.jar:/Users/marokrikoor/.m2/repository/org/apache/httpcomponents/httpcore/4.4.13/httpcore-4.4.13.jar:/Users/marokrikoor/.m2/repository/commons-logging/commons-logging/1.2/commons-logging-1.2.jar:/Users/marokrikoor/.m2/repository/commons-codec/commons-codec/1.11/commons-codec-1.11.jar:/Users/marokrikoor/.m2/repository/org/graphwalker/graphwalker-core/4.3.1/graphwalker-core-4.3.1.jar:/Users/marokrikoor/.m2/repository/org/graalvm/sdk/graal-sdk/21.0.0.2/graal-sdk-21.0.0.2.jar:/Users/marokrikoor/.m2/repository/org/graalvm/js/js/21.0.0.2/js-21.0.0.2.jar:/Users/marokrikoor/.m2/repository/org/graalvm/regex/regex/21.0.0.2/regex-21.0.0.2.jar:/Users/marokrikoor/.m2/repository/com/ibm/icu/icu4j/67.1/icu4j-67.1.jar:/Users/marokrikoor/.m2/repository/org/graalvm/js/js-scriptengine/21.0.0.2/js-scriptengine-21.0.0.2.jar:/Users/marokrikoor/.m2/repository/org/graalvm/truffle/truffle-api/21.0.0.2/truffle-api-21.0.0.2.jar:/Users/marokrikoor/.m2/repository/org/graphwalker/graphwalker-io/4.3.1/graphwalker-io-4.3.1.jar:/Users/marokrikoor/.m2/repository/org/graphwalker/graphwalker-dsl/4.3.1/graphwalker-dsl-4.3.1.jar:/Users/marokrikoor/.m2/repository/org/antlr/antlr4-runtime/4.9.1/antlr4-runtime-4.9.1.jar:/Users/marokrikoor/.m2/repository/org/apache/xmlbeans/xmlbeans/3.1.0/xmlbeans-3.1.0.jar:/Users/marokrikoor/.m2/repository/org/reflections/reflections/0.9.12/reflections-0.9.12.jar:/Users/marokrikoor/.m2/repository/org/json/json/20201115/json-20201115.jar:/Users/marokrikoor/.m2/repository/commons-io/commons-io/2.8.0/commons-io-2.8.0.jar:/Users/marokrikoor/.m2/repository/com/google/guava/guava/30.1-jre/guava-30.1-jre.jar:/Users/marokrikoor/.m2/repository/com/google/guava/failureaccess/1.0.1/failureaccess-1.0.1.jar:/Users/marokrikoor/.m2/repository/com/google/guava/listenablefuture/9999.0-empty-to-avoid-conflict-with-guava/listenablefuture-9999.0-empty-to-avoid-conflict-with-guava.jar:/Users/marokrikoor/.m2/repository/org/checkerframework/checker-qual/3.5.0/checker-qual-3.5.0.jar:/Users/marokrikoor/.m2/repository/com/google/errorprone/error_prone_annotations/2.3.4/error_prone_annotations-2.3.4.jar:/Users/marokrikoor/.m2/repository/com/google/j2objc/j2objc-annotations/1.3/j2objc-annotations-1.3.jar:/Users/marokrikoor/.m2/repository/org/graphwalker/graphwalker-java/4.3.1/graphwalker-java-4.3.1.jar:/Users/marokrikoor/.m2/repository/com/google/code/javaparser/javaparser/1.0.11/javaparser-1.0.11.jar:/Users/marokrikoor/.m2/repository/com/sun/xml/bind/jaxb-core/2.3.0.1/jaxb-core-2.3.0.1.jar:/Users/marokrikoor/.m2/repository/javax/xml/bind/jaxb-api/2.4.0-b180830.0359/jaxb-api-2.4.0-b180830.0359.jar:/Users/marokrikoor/.m2/repository/javax/activation/javax.activation-api/1.2.0/javax.activation-api-1.2.0.jar:/Users/marokrikoor/.m2/repository/com/sun/xml/bind/jaxb-impl/2.3.1/jaxb-impl-2.3.1.jar:/Users/marokrikoor/.m2/repository/org/javassist/javassist/3.27.0-GA/javassist-3.27.0-GA.jar:/Users/marokrikoor/.m2/repository/org/graphwalker/graphwalker-maven-plugin/4.3.1/graphwalker-maven-plugin-4.3.1.jar:/Users/marokrikoor/.m2/repository/org/apache/maven/maven-core/3.6.3/maven-core-3.6.3.jar:/Users/marokrikoor/.m2/repository/org/apache/maven/maven-model/3.6.3/maven-model-3.6.3.jar:/Users/marokrikoor/.m2/repository/org/apache/maven/maven-settings/3.6.3/maven-settings-3.6.3.jar:/Users/marokrikoor/.m2/repository/org/apache/maven/maven-settings-builder/3.6.3/maven-settings-builder-3.6.3.jar:/Users/marokrikoor/.m2/repository/org/codehaus/plexus/plexus-interpolation/1.25/plexus-interpolation-1.25.jar:/Users/marokrikoor/.m2/repository/org/sonatype/plexus/plexus-sec-dispatcher/1.4/plexus-sec-dispatcher-1.4.jar:/Users/marokrikoor/.m2/repository/org/sonatype/plexus/plexus-cipher/1.4/plexus-cipher-1.4.jar:/Users/marokrikoor/.m2/repository/org/apache/maven/maven-builder-support/3.6.3/maven-builder-support-3.6.3.jar:/Users/marokrikoor/.m2/repository/org/apache/maven/maven-repository-metadata/3.6.3/maven-repository-metadata-3.6.3.jar:/Users/marokrikoor/.m2/repository/org/apache/maven/maven-artifact/3.6.3/maven-artifact-3.6.3.jar:/Users/marokrikoor/.m2/repository/org/apache/maven/maven-model-builder/3.6.3/maven-model-builder-3.6.3.jar:/Users/marokrikoor/.m2/repository/org/apache/maven/maven-resolver-provider/3.6.3/maven-resolver-provider-3.6.3.jar:/Users/marokrikoor/.m2/repository/org/apache/maven/resolver/maven-resolver-impl/1.4.1/maven-resolver-impl-1.4.1.jar:/Users/marokrikoor/.m2/repository/org/apache/maven/resolver/maven-resolver-api/1.4.1/maven-resolver-api-1.4.1.jar:/Users/marokrikoor/.m2/repository/org/apache/maven/resolver/maven-resolver-spi/1.4.1/maven-resolver-spi-1.4.1.jar:/Users/marokrikoor/.m2/repository/org/apache/maven/resolver/maven-resolver-util/1.4.1/maven-resolver-util-1.4.1.jar:/Users/marokrikoor/.m2/repository/org/apache/maven/shared/maven-shared-utils/3.2.1/maven-shared-utils-3.2.1.jar:/Users/marokrikoor/.m2/repository/org/eclipse/sisu/org.eclipse.sisu.plexus/0.3.4/org.eclipse.sisu.plexus-0.3.4.jar:/Users/marokrikoor/.m2/repository/javax/enterprise/cdi-api/1.0/cdi-api-1.0.jar:/Users/marokrikoor/.m2/repository/javax/annotation/jsr250-api/1.0/jsr250-api-1.0.jar:/Users/marokrikoor/.m2/repository/org/eclipse/sisu/org.eclipse.sisu.inject/0.3.4/org.eclipse.sisu.inject-0.3.4.jar:/Users/marokrikoor/.m2/repository/com/google/inject/guice/4.2.1/guice-4.2.1-no_aop.jar:/Users/marokrikoor/.m2/repository/aopalliance/aopalliance/1.0/aopalliance-1.0.jar:/Users/marokrikoor/.m2/repository/javax/inject/javax.inject/1/javax.inject-1.jar:/Users/marokrikoor/.m2/repository/org/codehaus/plexus/plexus-utils/3.2.1/plexus-utils-3.2.1.jar:/Users/marokrikoor/.m2/repository/org/codehaus/plexus/plexus-classworlds/2.6.0/plexus-classworlds-2.6.0.jar:/Users/marokrikoor/.m2/repository/org/codehaus/plexus/plexus-component-annotations/2.1.0/plexus-component-annotations-2.1.0.jar:/Users/marokrikoor/.m2/repository/org/apache/maven/maven-plugin-api/3.6.3/maven-plugin-api-3.6.3.jar:/Users/marokrikoor/.m2/repository/ch/qos/logback/logback-classic/1.2.3/logback-classic-1.2.3.jar:/Users/marokrikoor/.m2/repository/ch/qos/logback/logback-core/1.2.3/logback-core-1.2.3.jar:/Users/marokrikoor/.m2/repository/com/googlecode/json-simple/json-simple/1.1.1/json-simple-1.1.1.jar:/Users/marokrikoor/.m2/repository/guru/nidi/graphviz-java/0.18.1/graphviz-java-0.18.1.jar:/Users/marokrikoor/.m2/repository/org/webjars/npm/viz.js-graphviz-java/2.1.3/viz.js-graphviz-java-2.1.3.jar:/Users/marokrikoor/.m2/repository/net/arnx/nashorn-promise/0.1.1/nashorn-promise-0.1.1.jar:/Users/marokrikoor/.m2/repository/org/apache/commons/commons-exec/1.3/commons-exec-1.3.jar:/Users/marokrikoor/.m2/repository/com/google/code/findbugs/jsr305/3.0.2/jsr305-3.0.2.jar:/Users/marokrikoor/.m2/repository/org/slf4j/jcl-over-slf4j/1.7.30/jcl-over-slf4j-1.7.30.jar:/Users/marokrikoor/.m2/repository/org/slf4j/jul-to-slf4j/1.7.30/jul-to-slf4j-1.7.30.jar:/Users/marokrikoor/.m2/repository/guru/nidi/com/eclipsesource/j2v8/j2v8_macosx_x86_64/4.6.0/j2v8_macosx_x86_64-4.6.0.jar:/Users/marokrikoor/.m2/repository/guru/nidi/com/kitfox/svgSalamander/1.1.3/svgSalamander-1.1.3.jar:/Users/marokrikoor/.m2/repository/org/projectlombok/lombok/1.18.30/lombok-1.18.30.jar:"/>
    <property name="sun.cpu.endian" value="little"/>
    <property name="user.home" value="/Users/marokrikoor"/>
    <property name="user.language" value="en"/>
    <property name="java.specification.vendor" value="Oracle Corporation"/>
    <property name="java.version.date" value="2023-09-19"/>
    <property name="java.home" value="/usr/local/Cellar/openjdk/21/libexec/openjdk.jdk/Contents/Home"/>
    <property name="file.separator" value="/"/>
    <property name="basedir" value="/Users/marokrikoor/Documents/Graphwalker/ServiceRegistry"/>
    <property name="java.vm.compressedOopsMode" value="Zero based"/>
    <property name="line.separator" value="&#10;"/>
    <property name="java.vm.specification.vendor" value="Oracle Corporation"/>
    <property name="java.specification.name" value="Java Platform API Specification"/>
    <property name="apple.awt.application.name" value="ForkedBooter"/>
    <property name="surefire.real.class.path" value="/Users/marokrikoor/Documents/Graphwalker/ServiceRegistry/target/surefire/surefirebooter-20231106213139060_3.jar"/>
    <property name="sun.management.compiler" value="HotSpot 64-Bit Tiered Compilers"/>
    <property name="ftp.nonProxyHosts" value="local|*.local|169.254/16|*.169.254/16"/>
    <property name="java.runtime.version" value="21"/>
    <property name="user.name" value="marokrikoor"/>
    <property name="stdout.encoding" value="UTF-8"/>
    <property name="path.separator" value=":"/>
    <property name="os.version" value="12.3.1"/>
    <property name="java.runtime.name" value="OpenJDK Runtime Environment"/>
    <property name="file.encoding" value="UTF-8"/>
    <property name="java.vm.name" value="OpenJDK 64-Bit Server VM"/>
    <property name="java.vendor.version" value="Homebrew"/>
    <property name="localRepository" value="/Users/marokrikoor/.m2/repository"/>
    <property name="java.vendor.url.bug" value="https://github.com/Homebrew/homebrew-core/issues"/>
    <property name="java.io.tmpdir" value="/var/folders/gz/nc4pxx_s27b3r0zjcsd2txsr0000gn/T/"/>
    <property name="java.version" value="21"/>
    <property name="user.dir" value="/Users/marokrikoor/Documents/Graphwalker/ServiceRegistry"/>
    <property name="os.arch" value="x86_64"/>
    <property name="java.vm.specification.name" value="Java Virtual Machine Specification"/>
    <property name="native.encoding" value="UTF-8"/>
    <property name="java.library.path" value="/Users/marokrikoor/Library/Java/Extensions:/Library/Java/Extensions:/Network/Library/Java/Extensions:/System/Library/Java/Extensions:/usr/lib/java:."/>
    <property name="java.vm.info" value="mixed mode, sharing"/>
    <property name="stderr.encoding" value="UTF-8"/>
    <property name="java.vendor" value="Homebrew"/>
    <property name="java.vm.version" value="21"/>
    <property name="sun.io.unicode.encoding" value="UnicodeBig"/>
    <property name="socksNonProxyHosts" value="local|*.local|169.254/16|*.169.254/16"/>
    <property name="java.class.version" value="65.0"/>
  </properties>
  <testcase name="testExecutor" classname="Test_UnRegisterService" time="3.484">
    <system-out><![CDATA[21:31:47.589 [main] DEBUG org.graphwalker.io.factory.json.JsonContextFactory - {"models":[{"edges":[{"id":"b4b105a0-ed32-11eb-8b23-2b215192a6a4","name":"e_RegisterNewService","sourceVertexId":"3289d900-ed30-11eb-8b23-2b215192a6a4","targetVertexId":"acb31fa0-ed32-11eb-8b23-2b215192a6a4"},{"id":"eedd99a0-ed32-11eb-8b23-2b215192a6a4","name":"e_InvaledUnRegisterServiceForm","sourceVertexId":"acb31fa0-ed32-11eb-8b23-2b215192a6a4","targetVertexId":"cb97e810-ed32-11eb-8b23-2b215192a6a4","guard":"count==0;"},{"id":"f17e0e10-ed32-11eb-8b23-2b215192a6a4","name":"e_back_RegisterService","sourceVertexId":"cb97e810-ed32-11eb-8b23-2b215192a6a4","targetVertexId":"acb31fa0-ed32-11eb-8b23-2b215192a6a4","actions":["count=1;"]},{"id":"02563ae0-ed34-11eb-9151-39edbc994a07","name":"e_ValedUnRegisterServiceForm","sourceVertexId":"acb31fa0-ed32-11eb-8b23-2b215192a6a4","targetVertexId":"f352ffb0-ed33-11eb-9151-39edbc994a07","guard":"count>0"},{"id":"a27597f0-ed34-11eb-9151-39edbc994a07","name":"e_QueeryRemovedService","sourceVertexId":"f352ffb0-ed33-11eb-9151-39edbc994a07","targetVertexId":"99363140-ed34-11eb-9151-39edbc994a07"},{"id":"cb8f71b0-ed34-11eb-9151-39edbc994a07","name":"e_End","sourceVertexId":"99363140-ed34-11eb-9151-39edbc994a07","targetVertexId":"bab63e00-ed34-11eb-9151-39edbc994a07"}],"generator":"random(vertex_coverage(100))","id":"2e81be40-ed30-11eb-8b23-2b215192a6a4","name":"UnregisterService","startElementId":"3289d900-ed30-11eb-8b23-2b215192a6a4","vertices":[{"id":"3289d900-ed30-11eb-8b23-2b215192a6a4","name":"v_Start","properties":{"x":579.9472906038525,"y":-71.99151359165742}},{"id":"acb31fa0-ed32-11eb-8b23-2b215192a6a4","name":"v_RegisteredSuccessfully","properties":{"x":584.9189651551064,"y":58.98029385764508}},{"id":"cb97e810-ed32-11eb-8b23-2b215192a6a4","name":"v_BadPayloadException","properties":{"x":958.8911059919114,"y":307.95653665712905}},{"id":"f352ffb0-ed33-11eb-9151-39edbc994a07","name":"v_RemoveServiceRegisteryEntry","properties":{"x":303.97485439660807,"y":295.012767728854}},{"id":"99363140-ed34-11eb-9151-39edbc994a07","name":"v_ServiceNotExist","properties":{"x":419.97485439660807,"y":440.012767728854}},{"id":"bab63e00-ed34-11eb-9151-39edbc994a07","name":"v_End","properties":{"x":621.9748543966081,"y":618.012767728854}}],"editor":{"elements":{"nodes":[{"data":{"id":"3289d900-ed30-11eb-8b23-2b215192a6a4","name":"v_Start","color":"LightSteelBlue"},"position":{"x":579.9472906038525,"y":-71.99151359165742},"group":"nodes","removed":false,"selected":false,"selectable":true,"locked":false,"grabbable":true,"pannable":false,"classes":""},{"data":{"id":"acb31fa0-ed32-11eb-8b23-2b215192a6a4","name":"v_RegisteredSuccessfully","color":"LightSteelBlue"},"position":{"x":584.9189651551064,"y":58.98029385764508},"group":"nodes","removed":false,"selected":false,"selectable":true,"locked":false,"grabbable":true,"pannable":false,"classes":""},{"data":{"id":"cb97e810-ed32-11eb-8b23-2b215192a6a4","name":"v_BadPayloadException","color":"LightSteelBlue"},"position":{"x":958.8911059919114,"y":307.95653665712905},"group":"nodes","removed":false,"selected":false,"selectable":true,"locked":false,"grabbable":true,"pannable":false,"classes":""},{"data":{"id":"f352ffb0-ed33-11eb-9151-39edbc994a07","name":"v_RemoveServiceRegisteryEntry","color":"LightSteelBlue"},"position":{"x":303.97485439660807,"y":295.012767728854},"group":"nodes","removed":false,"selected":false,"selectable":true,"locked":false,"grabbable":true,"pannable":false,"classes":""},{"data":{"id":"99363140-ed34-11eb-9151-39edbc994a07","name":"v_ServiceNotExist","color":"LightSteelBlue"},"position":{"x":419.97485439660807,"y":440.012767728854},"group":"nodes","removed":false,"selected":false,"selectable":true,"locked":false,"grabbable":true,"pannable":false,"classes":""},{"data":{"id":"bab63e00-ed34-11eb-9151-39edbc994a07","name":"v_End","color":"LightSteelBlue"},"position":{"x":621.9748543966081,"y":618.012767728854},"group":"nodes","removed":false,"selected":false,"selectable":true,"locked":false,"grabbable":true,"pannable":false,"classes":""}],"edges":[{"data":{"id":"b4b105a0-ed32-11eb-8b23-2b215192a6a4","name":"e_RegisterNewService","source":"3289d900-ed30-11eb-8b23-2b215192a6a4","target":"acb31fa0-ed32-11eb-8b23-2b215192a6a4","color":"LightSteelBlue"},"position":{"x":0,"y":0},"group":"edges","removed":false,"selected":false,"selectable":true,"locked":false,"grabbable":true,"pannable":true,"classes":""},{"data":{"id":"eedd99a0-ed32-11eb-8b23-2b215192a6a4","name":"e_InvaledUnRegisterServiceForm","source":"acb31fa0-ed32-11eb-8b23-2b215192a6a4","target":"cb97e810-ed32-11eb-8b23-2b215192a6a4","color":"LightSteelBlue","guard":"count==0;"},"position":{"x":0,"y":0},"group":"edges","removed":false,"selected":false,"selectable":true,"locked":false,"grabbable":true,"pannable":true,"classes":""},{"data":{"id":"f17e0e10-ed32-11eb-8b23-2b215192a6a4","name":"e_back_RegisterService","source":"cb97e810-ed32-11eb-8b23-2b215192a6a4","target":"acb31fa0-ed32-11eb-8b23-2b215192a6a4","color":"LightSteelBlue","actions":["count=1;"]},"position":{"x":0,"y":0},"group":"edges","removed":false,"selected":false,"selectable":true,"locked":false,"grabbable":true,"pannable":true,"classes":""},{"data":{"id":"02563ae0-ed34-11eb-9151-39edbc994a07","name":"e_ValedUnRegisterServiceForm","source":"acb31fa0-ed32-11eb-8b23-2b215192a6a4","target":"f352ffb0-ed33-11eb-9151-39edbc994a07","color":"LightSteelBlue"},"position":{"x":0,"y":0},"group":"edges","removed":false,"selected":false,"selectable":true,"locked":false,"grabbable":true,"pannable":true,"classes":""},{"data":{"id":"a27597f0-ed34-11eb-9151-39edbc994a07","name":"e_QueeryRemovedService","source":"f352ffb0-ed33-11eb-9151-39edbc994a07","target":"99363140-ed34-11eb-9151-39edbc994a07","color":"LightSteelBlue"},"position":{"x":0,"y":0},"group":"edges","removed":false,"selected":false,"selectable":true,"locked":false,"grabbable":true,"pannable":true,"classes":""},{"data":{"id":"cb8f71b0-ed34-11eb-9151-39edbc994a07","name":"e_End","source":"99363140-ed34-11eb-9151-39edbc994a07","target":"bab63e00-ed34-11eb-9151-39edbc994a07","color":"LightSteelBlue"},"position":{"x":0,"y":0},"group":"edges","removed":false,"selected":false,"selectable":true,"locked":false,"grabbable":true,"pannable":true,"classes":""}]},"style":[{"selector":"core","style":{"active-bg-size":"0px"}},{"selector":"node","style":{"label":"data(name)","text-wrap":"wrap","text-valign":"center","text-halign":"center","shape":"roundrectangle","width":"label","height":"label","color":"rgb(0,0,0)","background-color":"data(color)","line-color":"data(color)","padding":"10px"}},{"selector":"edge","style":{"label":"data(name)","text-wrap":"wrap","curve-style":"bezier","text-rotation":"autorotate","target-arrow-shape":"triangle","width":"4px","line-color":"data(color)","target-arrow-color":"data(color)","background-color":"data(color)"}},{"selector":":loop","style":{"curve-style":"unbundled-bezier","control-point-step-size":"60px"}},{"selector":":selected","style":{"border-width":"4px","border-color":"rgb(0,0,0)","line-color":"rgb(0,0,0)","target-arrow-color":"rgb(0,0,0)"}}],"data":{},"zoomingEnabled":true,"userZoomingEnabled":true,"zoom":1,"minZoom":1e-50,"maxZoom":1e+50,"panningEnabled":true,"userPanningEnabled":true,"pan":{"x":0,"y":0},"boxSelectionEnabled":true,"renderer":{"name":"canvas"}},"actions":["count=0;"]}],"selectedModelIndex":0,"selectedElementId":"02563ae0-ed34-11eb-9151-39edbc994a07"}
21:31:47.685 [main] DEBUG org.graphwalker.core.machine.ExecutionContext - Execute action: 'count=0;' in model: 'UnregisterService'
21:31:47.807 [main] DEBUG org.graphwalker.core.machine.ExecutionContext - Data: 'UnregService: com.mbtroads.UnregService@75bbaef2, count: 0, '
21:31:47.809 [main] DEBUG org.graphwalker.core.machine.SimpleMachine - Context: com.mbtroads.UnregService@75bbaef2
21:31:47.809 [main] DEBUG org.graphwalker.core.machine.ExecutionContext - Execute method: 'v_Start' in model: 'UnregisterService'
21:31:47.810 [main] DEBUG org.graphwalker.core.machine.SimpleMachine - Context: com.mbtroads.UnregService@75bbaef2
21:31:47.811 [main] INFO org.graphwalker.core.generator.SingletonRandomGenerator - Seed: 32235620864234
21:31:47.811 [main] DEBUG org.graphwalker.core.machine.ExecutionContext - Execute method: 'e_RegisterNewService' in model: 'UnregisterService'
21:31:47.824 [main] DEBUG org.apache.http.client.protocol.RequestAddCookies - CookieSpec selected: default
21:31:47.829 [main] DEBUG org.apache.http.client.protocol.RequestAuthCache - Auth cache not set in the context
21:31:47.830 [main] DEBUG org.apache.http.impl.conn.PoolingHttpClientConnectionManager - Connection request: [route: {}->http://localhost:8443][total available: 0; route allocated: 0 of 2; total allocated: 0 of 20]
21:31:47.836 [main] DEBUG org.apache.http.impl.conn.PoolingHttpClientConnectionManager - Connection leased: [id: 0][route: {}->http://localhost:8443][total available: 0; route allocated: 1 of 2; total allocated: 1 of 20]
21:31:47.836 [main] DEBUG org.apache.http.impl.execchain.MainClientExec - Opening connection {}->http://localhost:8443
21:31:47.850 [main] DEBUG org.apache.http.impl.conn.DefaultHttpClientConnectionOperator - Connecting to localhost/127.0.0.1:8443
21:31:47.853 [main] DEBUG org.apache.http.impl.conn.DefaultHttpClientConnectionOperator - Connection established 127.0.0.1:52949<->127.0.0.1:8443
21:31:47.854 [main] DEBUG org.apache.http.impl.execchain.MainClientExec - Executing request POST /serviceregistry/mgmt HTTP/1.1
21:31:47.854 [main] DEBUG org.apache.http.impl.execchain.MainClientExec - Target auth state: UNCHALLENGED
21:31:47.854 [main] DEBUG org.apache.http.impl.execchain.MainClientExec - Proxy auth state: UNCHALLENGED
21:31:47.855 [main] DEBUG org.apache.http.headers - http-outgoing-0 >> POST /serviceregistry/mgmt HTTP/1.1
21:31:47.855 [main] DEBUG org.apache.http.headers - http-outgoing-0 >> Content-type: application/json
21:31:47.855 [main] DEBUG org.apache.http.headers - http-outgoing-0 >> Content-Length: 400
21:31:47.855 [main] DEBUG org.apache.http.headers - http-outgoing-0 >> Host: localhost:8443
21:31:47.855 [main] DEBUG org.apache.http.headers - http-outgoing-0 >> Connection: Keep-Alive
21:31:47.855 [main] DEBUG org.apache.http.headers - http-outgoing-0 >> User-Agent: Apache-HttpClient/4.5.13 (Java/21)
21:31:47.855 [main] DEBUG org.apache.http.headers - http-outgoing-0 >> Accept-Encoding: gzip,deflate
21:31:47.856 [main] DEBUG org.apache.http.wire - http-outgoing-0 >> "POST /serviceregistry/mgmt HTTP/1.1[\r][\n]"
21:31:47.856 [main] DEBUG org.apache.http.wire - http-outgoing-0 >> "Content-type: application/json[\r][\n]"
21:31:47.856 [main] DEBUG org.apache.http.wire - http-outgoing-0 >> "Content-Length: 400[\r][\n]"
21:31:47.856 [main] DEBUG org.apache.http.wire - http-outgoing-0 >> "Host: localhost:8443[\r][\n]"
21:31:47.856 [main] DEBUG org.apache.http.wire - http-outgoing-0 >> "Connection: Keep-Alive[\r][\n]"
21:31:47.856 [main] DEBUG org.apache.http.wire - http-outgoing-0 >> "User-Agent: Apache-HttpClient/4.5.13 (Java/21)[\r][\n]"
21:31:47.856 [main] DEBUG org.apache.http.wire - http-outgoing-0 >> "Accept-Encoding: gzip,deflate[\r][\n]"
21:31:47.856 [main] DEBUG org.apache.http.wire - http-outgoing-0 >> "[\r][\n]"
21:31:47.856 [main] DEBUG org.apache.http.wire - http-outgoing-0 >> "{ "serviceDefinition": "IndoorTemperature", "providerSystem": { "systemName": "insecuretemperaturesensor-2023-31-06-09-31-47","address": "192.168.0.2", "port": 8080, "authenticationInfo": "eyJhbGciOiJIUzI1Ni..."}, "serviceUri": "temperature", "endOfValidity": "2024-12-05T05:53:00+00:00", "secure": "NOT_SECURE", "metadata": { "unit": "celsius"}, "version": 1, "interfaces": [ "HTTP-INSECURE-JSON" ]}"
21:31:47.996 [main] DEBUG org.apache.http.wire - http-outgoing-0 << "HTTP/1.1 201 [\r][\n]"
21:31:47.997 [main] DEBUG org.apache.http.wire - http-outgoing-0 << "X-Content-Type-Options: nosniff[\r][\n]"
21:31:47.997 [main] DEBUG org.apache.http.wire - http-outgoing-0 << "X-XSS-Protection: 1; mode=block[\r][\n]"
21:31:47.997 [main] DEBUG org.apache.http.wire - http-outgoing-0 << "Cache-Control: no-cache, no-store, max-age=0, must-revalidate[\r][\n]"
21:31:47.997 [main] DEBUG org.apache.http.wire - http-outgoing-0 << "Pragma: no-cache[\r][\n]"
21:31:47.997 [main] DEBUG org.apache.http.wire - http-outgoing-0 << "Expires: 0[\r][\n]"
21:31:47.997 [main] DEBUG org.apache.http.wire - http-outgoing-0 << "X-Frame-Options: DENY[\r][\n]"
21:31:47.998 [main] DEBUG org.apache.http.wire - http-outgoing-0 << "Content-Type: application/json;charset=UTF-8[\r][\n]"
21:31:47.998 [main] DEBUG org.apache.http.wire - http-outgoing-0 << "Transfer-Encoding: chunked[\r][\n]"
21:31:47.998 [main] DEBUG org.apache.http.wire - http-outgoing-0 << "Date: Mon, 06 Nov 2023 20:31:47 GMT[\r][\n]"
21:31:47.998 [main] DEBUG org.apache.http.wire - http-outgoing-0 << "[\r][\n]"
21:31:47.999 [main] DEBUG org.apache.http.wire - http-outgoing-0 << "2e7[\r][\n]"
21:31:47.999 [main] DEBUG org.apache.http.wire - http-outgoing-0 << "{"id":782,"serviceDefinition":{"id":28,"serviceDefinition":"indoortemperature","createdAt":"2023-10-08T21:34:15Z","updatedAt":"2023-10-08T21:34:15Z"},"provider":{"id":163,"systemName":"insecuretemperaturesensor-2023-31-06-09-31-47","address":"192.168.0.2","port":8080,"authenticationInfo":"eyJhbGciOiJIUzI1Ni...","createdAt":"2023-11-06T20:31:47.927393Z","updatedAt":"2023-11-06T20:31:47.927393Z"},"serviceUri":"temperature","endOfValidity":"2024-12-05T05:53:00Z","secure":"NOT_SECURE","metadata":{"unit":"celsius"},"version":1,"interfaces":[{"id":2,"interfaceName":"HTTP-INSECURE-JSON","createdAt":"2023-09-29T21:42:51Z","updatedAt":"2023-09-29T21:42:51Z"}],"createdAt":"2023-11-06T20:31:47.957506Z","updatedAt":"2023-11-06T20:31:47.957506Z"}[\r][\n]"
21:31:48.001 [main] DEBUG org.apache.http.headers - http-outgoing-0 << HTTP/1.1 201 
21:31:48.001 [main] DEBUG org.apache.http.headers - http-outgoing-0 << X-Content-Type-Options: nosniff
21:31:48.001 [main] DEBUG org.apache.http.headers - http-outgoing-0 << X-XSS-Protection: 1; mode=block
21:31:48.001 [main] DEBUG org.apache.http.headers - http-outgoing-0 << Cache-Control: no-cache, no-store, max-age=0, must-revalidate
21:31:48.001 [main] DEBUG org.apache.http.headers - http-outgoing-0 << Pragma: no-cache
21:31:48.001 [main] DEBUG org.apache.http.headers - http-outgoing-0 << Expires: 0
21:31:48.001 [main] DEBUG org.apache.http.headers - http-outgoing-0 << X-Frame-Options: DENY
21:31:48.001 [main] DEBUG org.apache.http.headers - http-outgoing-0 << Content-Type: application/json;charset=UTF-8
21:31:48.002 [main] DEBUG org.apache.http.headers - http-outgoing-0 << Transfer-Encoding: chunked
21:31:48.002 [main] DEBUG org.apache.http.headers - http-outgoing-0 << Date: Mon, 06 Nov 2023 20:31:47 GMT
21:31:48.005 [main] DEBUG org.apache.http.impl.execchain.MainClientExec - Connection can be kept alive indefinitely
21:31:48.006 [main] DEBUG org.apache.http.wire - http-outgoing-0 << "0[\r][\n]"
21:31:48.007 [main] DEBUG org.apache.http.wire - http-outgoing-0 << "[\r][\n]"
21:31:48.007 [main] DEBUG org.apache.http.impl.conn.PoolingHttpClientConnectionManager - Connection [id: 0][route: {}->http://localhost:8443] can be kept alive indefinitely
21:31:48.007 [main] DEBUG org.apache.http.impl.conn.DefaultManagedHttpClientConnection - http-outgoing-0: set socket timeout to 0
21:31:48.007 [main] DEBUG org.apache.http.impl.conn.PoolingHttpClientConnectionManager - Connection released: [id: 0][route: {}->http://localhost:8443][total available: 1; route allocated: 1 of 2; total allocated: 1 of 20]
21:31:48.009 [main] DEBUG org.graphwalker.core.machine.SimpleMachine - Context: com.mbtroads.UnregService@75bbaef2
21:31:48.010 [main] DEBUG org.graphwalker.core.machine.ExecutionContext - Execute method: 'v_RegisteredSuccessfully' in model: 'UnregisterService'
21:31:48.010 [main] DEBUG org.graphwalker.core.machine.SimpleMachine - Context: com.mbtroads.UnregService@75bbaef2
21:31:48.011 [main] DEBUG org.graphwalker.core.machine.ExecutionContext - Execute guard: 'count==0;' in edge e_InvaledUnRegisterServiceForm, in model: 'UnregisterService'
21:31:48.020 [main] DEBUG org.graphwalker.core.machine.ExecutionContext - Execute guard: 'count>0' in edge e_ValedUnRegisterServiceForm, in model: 'UnregisterService'
21:31:48.022 [main] DEBUG org.graphwalker.core.machine.ExecutionContext - Execute method: 'e_InvaledUnRegisterServiceForm' in model: 'UnregisterService'
21:31:48.025 [main] DEBUG org.apache.http.client.protocol.RequestAddCookies - CookieSpec selected: default
21:31:48.025 [main] DEBUG org.apache.http.client.protocol.RequestAuthCache - Auth cache not set in the context
21:31:48.025 [main] DEBUG org.apache.http.impl.conn.PoolingHttpClientConnectionManager - Connection request: [route: {}->http://localhost:8443][total available: 0; route allocated: 0 of 2; total allocated: 0 of 20]
21:31:48.025 [main] DEBUG org.apache.http.impl.conn.PoolingHttpClientConnectionManager - Connection leased: [id: 1][route: {}->http://localhost:8443][total available: 0; route allocated: 1 of 2; total allocated: 1 of 20]
21:31:48.025 [main] DEBUG org.apache.http.impl.execchain.MainClientExec - Opening connection {}->http://localhost:8443
21:31:48.026 [main] DEBUG org.apache.http.impl.conn.DefaultHttpClientConnectionOperator - Connecting to localhost/127.0.0.1:8443
21:31:48.026 [main] DEBUG org.apache.http.impl.conn.DefaultHttpClientConnectionOperator - Connection established 127.0.0.1:52950<->127.0.0.1:8443
21:31:48.027 [main] DEBUG org.apache.http.impl.execchain.MainClientExec - Executing request DELETE /serviceregistry/unregister?address=192.168.0.2&port=8080&service_definition=indoortemperature&service_uri=temperature&system_name=NOTEXIST HTTP/1.1
21:31:48.027 [main] DEBUG org.apache.http.impl.execchain.MainClientExec - Target auth state: UNCHALLENGED
21:31:48.027 [main] DEBUG org.apache.http.impl.execchain.MainClientExec - Proxy auth state: UNCHALLENGED
21:31:48.027 [main] DEBUG org.apache.http.headers - http-outgoing-1 >> DELETE /serviceregistry/unregister?address=192.168.0.2&port=8080&service_definition=indoortemperature&service_uri=temperature&system_name=NOTEXIST HTTP/1.1
21:31:48.027 [main] DEBUG org.apache.http.headers - http-outgoing-1 >> Content-type: application/json
21:31:48.027 [main] DEBUG org.apache.http.headers - http-outgoing-1 >> Host: localhost:8443
21:31:48.027 [main] DEBUG org.apache.http.headers - http-outgoing-1 >> Connection: Keep-Alive
21:31:48.027 [main] DEBUG org.apache.http.headers - http-outgoing-1 >> User-Agent: Apache-HttpClient/4.5.13 (Java/21)
21:31:48.027 [main] DEBUG org.apache.http.headers - http-outgoing-1 >> Accept-Encoding: gzip,deflate
21:31:48.030 [main] DEBUG org.apache.http.wire - http-outgoing-1 >> "DELETE /serviceregistry/unregister?address=192.168.0.2&port=8080&service_definition=indoortemperature&service_uri=temperature&system_name=NOTEXIST HTTP/1.1[\r][\n]"
21:31:48.030 [main] DEBUG org.apache.http.wire - http-outgoing-1 >> "Content-type: application/json[\r][\n]"
21:31:48.030 [main] DEBUG org.apache.http.wire - http-outgoing-1 >> "Host: localhost:8443[\r][\n]"
21:31:48.031 [main] DEBUG org.apache.http.wire - http-outgoing-1 >> "Connection: Keep-Alive[\r][\n]"
21:31:48.031 [main] DEBUG org.apache.http.wire - http-outgoing-1 >> "User-Agent: Apache-HttpClient/4.5.13 (Java/21)[\r][\n]"
21:31:48.031 [main] DEBUG org.apache.http.wire - http-outgoing-1 >> "Accept-Encoding: gzip,deflate[\r][\n]"
21:31:48.031 [main] DEBUG org.apache.http.wire - http-outgoing-1 >> "[\r][\n]"
21:31:48.059 [main] DEBUG org.apache.http.wire - http-outgoing-1 << "HTTP/1.1 400 [\r][\n]"
21:31:48.059 [main] DEBUG org.apache.http.wire - http-outgoing-1 << "X-Content-Type-Options: nosniff[\r][\n]"
21:31:48.059 [main] DEBUG org.apache.http.wire - http-outgoing-1 << "X-XSS-Protection: 1; mode=block[\r][\n]"
21:31:48.059 [main] DEBUG org.apache.http.wire - http-outgoing-1 << "Cache-Control: no-cache, no-store, max-age=0, must-revalidate[\r][\n]"
21:31:48.059 [main] DEBUG org.apache.http.wire - http-outgoing-1 << "Pragma: no-cache[\r][\n]"
21:31:48.059 [main] DEBUG org.apache.http.wire - http-outgoing-1 << "Expires: 0[\r][\n]"
21:31:48.060 [main] DEBUG org.apache.http.wire - http-outgoing-1 << "X-Frame-Options: DENY[\r][\n]"
21:31:48.060 [main] DEBUG org.apache.http.wire - http-outgoing-1 << "Content-Type: application/json[\r][\n]"
21:31:48.060 [main] DEBUG org.apache.http.wire - http-outgoing-1 << "Transfer-Encoding: chunked[\r][\n]"
21:31:48.060 [main] DEBUG org.apache.http.wire - http-outgoing-1 << "Date: Mon, 06 Nov 2023 20:31:47 GMT[\r][\n]"
21:31:48.060 [main] DEBUG org.apache.http.wire - http-outgoing-1 << "Connection: close[\r][\n]"
21:31:48.060 [main] DEBUG org.apache.http.wire - http-outgoing-1 << "[\r][\n]"
21:31:48.060 [main] DEBUG org.apache.http.wire - http-outgoing-1 << "8e[\r][\n]"
21:31:48.060 [main] DEBUG org.apache.http.wire - http-outgoing-1 << "{"errorMessage":"No system with name: notexist, address: 192.168.0.2, port: 8080 exists.","errorCode":400,"exceptionType":"INVALID_PARAMETER"}[\r][\n]"
21:31:48.060 [main] DEBUG org.apache.http.headers - http-outgoing-1 << HTTP/1.1 400 
21:31:48.060 [main] DEBUG org.apache.http.headers - http-outgoing-1 << X-Content-Type-Options: nosniff
21:31:48.060 [main] DEBUG org.apache.http.headers - http-outgoing-1 << X-XSS-Protection: 1; mode=block
21:31:48.060 [main] DEBUG org.apache.http.headers - http-outgoing-1 << Cache-Control: no-cache, no-store, max-age=0, must-revalidate
21:31:48.060 [main] DEBUG org.apache.http.headers - http-outgoing-1 << Pragma: no-cache
21:31:48.060 [main] DEBUG org.apache.http.headers - http-outgoing-1 << Expires: 0
21:31:48.060 [main] DEBUG org.apache.http.headers - http-outgoing-1 << X-Frame-Options: DENY
21:31:48.060 [main] DEBUG org.apache.http.headers - http-outgoing-1 << Content-Type: application/json
21:31:48.060 [main] DEBUG org.apache.http.headers - http-outgoing-1 << Transfer-Encoding: chunked
21:31:48.060 [main] DEBUG org.apache.http.headers - http-outgoing-1 << Date: Mon, 06 Nov 2023 20:31:47 GMT
21:31:48.060 [main] DEBUG org.apache.http.headers - http-outgoing-1 << Connection: close
21:31:48.061 [main] DEBUG org.apache.http.wire - http-outgoing-1 << "0[\r][\n]"
21:31:48.061 [main] DEBUG org.apache.http.wire - http-outgoing-1 << "[\r][\n]"
21:31:48.061 [main] DEBUG org.apache.http.impl.conn.DefaultManagedHttpClientConnection - http-outgoing-1: Close connection
21:31:48.062 [main] DEBUG org.apache.http.impl.execchain.MainClientExec - Connection discarded
21:31:48.063 [main] DEBUG org.apache.http.impl.conn.PoolingHttpClientConnectionManager - Connection released: [id: 1][route: {}->http://localhost:8443][total available: 0; route allocated: 0 of 2; total allocated: 0 of 20]
21:31:48.064 [main] DEBUG org.graphwalker.core.machine.SimpleMachine - Context: com.mbtroads.UnregService@75bbaef2
21:31:48.064 [main] DEBUG org.graphwalker.core.machine.ExecutionContext - Execute method: 'v_BadPayloadException' in model: 'UnregisterService'
21:31:48.065 [main] DEBUG org.graphwalker.core.machine.SimpleMachine - Context: com.mbtroads.UnregService@75bbaef2
21:31:48.065 [main] DEBUG org.graphwalker.core.machine.ExecutionContext - Execute action: 'count=1;' in model: 'UnregisterService'
21:31:48.067 [main] DEBUG org.graphwalker.core.machine.ExecutionContext - Data: 'UnregService: com.mbtroads.UnregService@75bbaef2, count: 1, '
21:31:48.067 [main] DEBUG org.graphwalker.core.machine.ExecutionContext - Execute method: 'e_back_RegisterService' in model: 'UnregisterService'
21:31:48.067 [main] DEBUG org.graphwalker.core.machine.SimpleMachine - Context: com.mbtroads.UnregService@75bbaef2
21:31:48.067 [main] DEBUG org.graphwalker.core.machine.ExecutionContext - Execute method: 'v_RegisteredSuccessfully' in model: 'UnregisterService'
21:31:48.069 [main] DEBUG org.graphwalker.core.machine.SimpleMachine - Context: com.mbtroads.UnregService@75bbaef2
21:31:48.069 [main] DEBUG org.graphwalker.core.machine.ExecutionContext - Execute guard: 'count==0;' in edge e_InvaledUnRegisterServiceForm, in model: 'UnregisterService'
21:31:48.070 [main] DEBUG org.graphwalker.core.machine.ExecutionContext - Execute guard: 'count>0' in edge e_ValedUnRegisterServiceForm, in model: 'UnregisterService'
21:31:48.071 [main] DEBUG org.graphwalker.core.machine.ExecutionContext - Execute method: 'e_ValedUnRegisterServiceForm' in model: 'UnregisterService'
21:31:48.074 [main] DEBUG org.apache.http.client.protocol.RequestAddCookies - CookieSpec selected: default
21:31:48.074 [main] DEBUG org.apache.http.client.protocol.RequestAuthCache - Auth cache not set in the context
21:31:48.074 [main] DEBUG org.apache.http.impl.conn.PoolingHttpClientConnectionManager - Connection request: [route: {}->http://localhost:8443][total available: 0; route allocated: 0 of 2; total allocated: 0 of 20]
21:31:48.074 [main] DEBUG org.apache.http.impl.conn.PoolingHttpClientConnectionManager - Connection leased: [id: 2][route: {}->http://localhost:8443][total available: 0; route allocated: 1 of 2; total allocated: 1 of 20]
21:31:48.074 [main] DEBUG org.apache.http.impl.execchain.MainClientExec - Opening connection {}->http://localhost:8443
21:31:48.074 [main] DEBUG org.apache.http.impl.conn.DefaultHttpClientConnectionOperator - Connecting to localhost/127.0.0.1:8443
21:31:48.075 [main] DEBUG org.apache.http.impl.conn.DefaultHttpClientConnectionOperator - Connection established 127.0.0.1:52951<->127.0.0.1:8443
21:31:48.075 [main] DEBUG org.apache.http.impl.execchain.MainClientExec - Executing request DELETE /serviceregistry/unregister?address=192.168.0.2&port=8080&service_definition=indoortemperature&service_uri=temperature&system_name=insecuretemperaturesensor-2023-31-06-09-31-47 HTTP/1.1
21:31:48.075 [main] DEBUG org.apache.http.impl.execchain.MainClientExec - Target auth state: UNCHALLENGED
21:31:48.075 [main] DEBUG org.apache.http.impl.execchain.MainClientExec - Proxy auth state: UNCHALLENGED
21:31:48.075 [main] DEBUG org.apache.http.headers - http-outgoing-2 >> DELETE /serviceregistry/unregister?address=192.168.0.2&port=8080&service_definition=indoortemperature&service_uri=temperature&system_name=insecuretemperaturesensor-2023-31-06-09-31-47 HTTP/1.1
21:31:48.075 [main] DEBUG org.apache.http.headers - http-outgoing-2 >> Content-type: application/json
21:31:48.075 [main] DEBUG org.apache.http.headers - http-outgoing-2 >> Host: localhost:8443
21:31:48.075 [main] DEBUG org.apache.http.headers - http-outgoing-2 >> Connection: Keep-Alive
21:31:48.075 [main] DEBUG org.apache.http.headers - http-outgoing-2 >> User-Agent: Apache-HttpClient/4.5.13 (Java/21)
21:31:48.075 [main] DEBUG org.apache.http.headers - http-outgoing-2 >> Accept-Encoding: gzip,deflate
21:31:48.075 [main] DEBUG org.apache.http.wire - http-outgoing-2 >> "DELETE /serviceregistry/unregister?address=192.168.0.2&port=8080&service_definition=indoortemperature&service_uri=temperature&system_name=insecuretemperaturesensor-2023-31-06-09-31-47 HTTP/1.1[\r][\n]"
21:31:48.075 [main] DEBUG org.apache.http.wire - http-outgoing-2 >> "Content-type: application/json[\r][\n]"
21:31:48.075 [main] DEBUG org.apache.http.wire - http-outgoing-2 >> "Host: localhost:8443[\r][\n]"
21:31:48.075 [main] DEBUG org.apache.http.wire - http-outgoing-2 >> "Connection: Keep-Alive[\r][\n]"
21:31:48.075 [main] DEBUG org.apache.http.wire - http-outgoing-2 >> "User-Agent: Apache-HttpClient/4.5.13 (Java/21)[\r][\n]"
21:31:48.075 [main] DEBUG org.apache.http.wire - http-outgoing-2 >> "Accept-Encoding: gzip,deflate[\r][\n]"
21:31:48.075 [main] DEBUG org.apache.http.wire - http-outgoing-2 >> "[\r][\n]"
21:31:48.238 [main] DEBUG org.apache.http.wire - http-outgoing-2 << "HTTP/1.1 200 [\r][\n]"
21:31:48.239 [main] DEBUG org.apache.http.wire - http-outgoing-2 << "X-Content-Type-Options: nosniff[\r][\n]"
21:31:48.239 [main] DEBUG org.apache.http.wire - http-outgoing-2 << "X-XSS-Protection: 1; mode=block[\r][\n]"
21:31:48.239 [main] DEBUG org.apache.http.wire - http-outgoing-2 << "Cache-Control: no-cache, no-store, max-age=0, must-revalidate[\r][\n]"
21:31:48.239 [main] DEBUG org.apache.http.wire - http-outgoing-2 << "Pragma: no-cache[\r][\n]"
21:31:48.239 [main] DEBUG org.apache.http.wire - http-outgoing-2 << "Expires: 0[\r][\n]"
21:31:48.239 [main] DEBUG org.apache.http.wire - http-outgoing-2 << "X-Frame-Options: DENY[\r][\n]"
21:31:48.239 [main] DEBUG org.apache.http.wire - http-outgoing-2 << "Content-Length: 0[\r][\n]"
21:31:48.239 [main] DEBUG org.apache.http.wire - http-outgoing-2 << "Date: Mon, 06 Nov 2023 20:31:47 GMT[\r][\n]"
21:31:48.239 [main] DEBUG org.apache.http.wire - http-outgoing-2 << "[\r][\n]"
21:31:48.239 [main] DEBUG org.apache.http.headers - http-outgoing-2 << HTTP/1.1 200 
21:31:48.239 [main] DEBUG org.apache.http.headers - http-outgoing-2 << X-Content-Type-Options: nosniff
21:31:48.239 [main] DEBUG org.apache.http.headers - http-outgoing-2 << X-XSS-Protection: 1; mode=block
21:31:48.239 [main] DEBUG org.apache.http.headers - http-outgoing-2 << Cache-Control: no-cache, no-store, max-age=0, must-revalidate
21:31:48.239 [main] DEBUG org.apache.http.headers - http-outgoing-2 << Pragma: no-cache
21:31:48.239 [main] DEBUG org.apache.http.headers - http-outgoing-2 << Expires: 0
21:31:48.239 [main] DEBUG org.apache.http.headers - http-outgoing-2 << X-Frame-Options: DENY
21:31:48.239 [main] DEBUG org.apache.http.headers - http-outgoing-2 << Content-Length: 0
21:31:48.239 [main] DEBUG org.apache.http.headers - http-outgoing-2 << Date: Mon, 06 Nov 2023 20:31:47 GMT
21:31:48.239 [main] DEBUG org.apache.http.impl.execchain.MainClientExec - Connection can be kept alive indefinitely
21:31:48.239 [main] DEBUG org.apache.http.impl.conn.PoolingHttpClientConnectionManager - Connection [id: 2][route: {}->http://localhost:8443] can be kept alive indefinitely
21:31:48.239 [main] DEBUG org.apache.http.impl.conn.DefaultManagedHttpClientConnection - http-outgoing-2: set socket timeout to 0
21:31:48.239 [main] DEBUG org.apache.http.impl.conn.PoolingHttpClientConnectionManager - Connection released: [id: 2][route: {}->http://localhost:8443][total available: 1; route allocated: 1 of 2; total allocated: 1 of 20]
21:31:48.240 [main] DEBUG org.graphwalker.core.machine.SimpleMachine - Context: com.mbtroads.UnregService@75bbaef2
21:31:48.240 [main] DEBUG org.graphwalker.core.machine.ExecutionContext - Execute method: 'v_RemoveServiceRegisteryEntry' in model: 'UnregisterService'
21:31:48.241 [main] DEBUG org.graphwalker.core.machine.SimpleMachine - Context: com.mbtroads.UnregService@75bbaef2
21:31:48.241 [main] DEBUG org.graphwalker.core.machine.ExecutionContext - Execute method: 'e_QueeryRemovedService' in model: 'UnregisterService'
21:31:48.244 [main] DEBUG org.apache.http.client.protocol.RequestAddCookies - CookieSpec selected: default
21:31:48.244 [main] DEBUG org.apache.http.client.protocol.RequestAuthCache - Auth cache not set in the context
21:31:48.244 [main] DEBUG org.apache.http.impl.conn.PoolingHttpClientConnectionManager - Connection request: [route: {}->http://localhost:8443][total available: 0; route allocated: 0 of 2; total allocated: 0 of 20]
21:31:48.244 [main] DEBUG org.apache.http.impl.conn.PoolingHttpClientConnectionManager - Connection leased: [id: 3][route: {}->http://localhost:8443][total available: 0; route allocated: 1 of 2; total allocated: 1 of 20]
21:31:48.244 [main] DEBUG org.apache.http.impl.execchain.MainClientExec - Opening connection {}->http://localhost:8443
21:31:48.244 [main] DEBUG org.apache.http.impl.conn.DefaultHttpClientConnectionOperator - Connecting to localhost/127.0.0.1:8443
21:31:48.248 [main] DEBUG org.apache.http.impl.conn.DefaultHttpClientConnectionOperator - Connection established 127.0.0.1:52952<->127.0.0.1:8443
21:31:48.248 [main] DEBUG org.apache.http.impl.execchain.MainClientExec - Executing request GET /serviceregistry/mgmt/782 HTTP/1.1
21:31:48.248 [main] DEBUG org.apache.http.impl.execchain.MainClientExec - Target auth state: UNCHALLENGED
21:31:48.248 [main] DEBUG org.apache.http.impl.execchain.MainClientExec - Proxy auth state: UNCHALLENGED
21:31:48.248 [main] DEBUG org.apache.http.headers - http-outgoing-3 >> GET /serviceregistry/mgmt/782 HTTP/1.1
21:31:48.248 [main] DEBUG org.apache.http.headers - http-outgoing-3 >> Accept: application/json
21:31:48.248 [main] DEBUG org.apache.http.headers - http-outgoing-3 >> Content-type: application/json
21:31:48.248 [main] DEBUG org.apache.http.headers - http-outgoing-3 >> Host: localhost:8443
21:31:48.248 [main] DEBUG org.apache.http.headers - http-outgoing-3 >> Connection: Keep-Alive
21:31:48.248 [main] DEBUG org.apache.http.headers - http-outgoing-3 >> User-Agent: Apache-HttpClient/4.5.13 (Java/21)
21:31:48.248 [main] DEBUG org.apache.http.headers - http-outgoing-3 >> Accept-Encoding: gzip,deflate
21:31:48.248 [main] DEBUG org.apache.http.wire - http-outgoing-3 >> "GET /serviceregistry/mgmt/782 HTTP/1.1[\r][\n]"
21:31:48.248 [main] DEBUG org.apache.http.wire - http-outgoing-3 >> "Accept: application/json[\r][\n]"
21:31:48.248 [main] DEBUG org.apache.http.wire - http-outgoing-3 >> "Content-type: application/json[\r][\n]"
21:31:48.249 [main] DEBUG org.apache.http.wire - http-outgoing-3 >> "Host: localhost:8443[\r][\n]"
21:31:48.249 [main] DEBUG org.apache.http.wire - http-outgoing-3 >> "Connection: Keep-Alive[\r][\n]"
21:31:48.249 [main] DEBUG org.apache.http.wire - http-outgoing-3 >> "User-Agent: Apache-HttpClient/4.5.13 (Java/21)[\r][\n]"
21:31:48.249 [main] DEBUG org.apache.http.wire - http-outgoing-3 >> "Accept-Encoding: gzip,deflate[\r][\n]"
21:31:48.249 [main] DEBUG org.apache.http.wire - http-outgoing-3 >> "[\r][\n]"
21:31:48.303 [main] DEBUG org.apache.http.wire - http-outgoing-3 << "HTTP/1.1 400 [\r][\n]"
21:31:48.303 [main] DEBUG org.apache.http.wire - http-outgoing-3 << "X-Content-Type-Options: nosniff[\r][\n]"
21:31:48.303 [main] DEBUG org.apache.http.wire - http-outgoing-3 << "X-XSS-Protection: 1; mode=block[\r][\n]"
21:31:48.303 [main] DEBUG org.apache.http.wire - http-outgoing-3 << "Cache-Control: no-cache, no-store, max-age=0, must-revalidate[\r][\n]"
21:31:48.303 [main] DEBUG org.apache.http.wire - http-outgoing-3 << "Pragma: no-cache[\r][\n]"
21:31:48.303 [main] DEBUG org.apache.http.wire - http-outgoing-3 << "Expires: 0[\r][\n]"
21:31:48.303 [main] DEBUG org.apache.http.wire - http-outgoing-3 << "X-Frame-Options: DENY[\r][\n]"
21:31:48.303 [main] DEBUG org.apache.http.wire - http-outgoing-3 << "Content-Type: application/json[\r][\n]"
21:31:48.303 [main] DEBUG org.apache.http.wire - http-outgoing-3 << "Transfer-Encoding: chunked[\r][\n]"
21:31:48.303 [main] DEBUG org.apache.http.wire - http-outgoing-3 << "Date: Mon, 06 Nov 2023 20:31:47 GMT[\r][\n]"
21:31:48.304 [main] DEBUG org.apache.http.wire - http-outgoing-3 << "Connection: close[\r][\n]"
21:31:48.304 [main] DEBUG org.apache.http.wire - http-outgoing-3 << "[\r][\n]"
21:31:48.304 [main] DEBUG org.apache.http.wire - http-outgoing-3 << "77[\r][\n]"
21:31:48.304 [main] DEBUG org.apache.http.wire - http-outgoing-3 << "{"errorMessage":"Service Registry with id of '782' does not exist","errorCode":400,"exceptionType":"INVALID_PARAMETER"}[\r][\n]"
21:31:48.304 [main] DEBUG org.apache.http.headers - http-outgoing-3 << HTTP/1.1 400 
21:31:48.304 [main] DEBUG org.apache.http.headers - http-outgoing-3 << X-Content-Type-Options: nosniff
21:31:48.304 [main] DEBUG org.apache.http.headers - http-outgoing-3 << X-XSS-Protection: 1; mode=block
21:31:48.304 [main] DEBUG org.apache.http.headers - http-outgoing-3 << Cache-Control: no-cache, no-store, max-age=0, must-revalidate
21:31:48.304 [main] DEBUG org.apache.http.headers - http-outgoing-3 << Pragma: no-cache
21:31:48.304 [main] DEBUG org.apache.http.headers - http-outgoing-3 << Expires: 0
21:31:48.304 [main] DEBUG org.apache.http.headers - http-outgoing-3 << X-Frame-Options: DENY
21:31:48.304 [main] DEBUG org.apache.http.headers - http-outgoing-3 << Content-Type: application/json
21:31:48.304 [main] DEBUG org.apache.http.headers - http-outgoing-3 << Transfer-Encoding: chunked
21:31:48.304 [main] DEBUG org.apache.http.headers - http-outgoing-3 << Date: Mon, 06 Nov 2023 20:31:47 GMT
21:31:48.304 [main] DEBUG org.apache.http.headers - http-outgoing-3 << Connection: close
21:31:48.304 [main] DEBUG org.apache.http.wire - http-outgoing-3 << "0[\r][\n]"
21:31:48.304 [main] DEBUG org.apache.http.wire - http-outgoing-3 << "[\r][\n]"
21:31:48.304 [main] DEBUG org.apache.http.impl.conn.DefaultManagedHttpClientConnection - http-outgoing-3: Close connection
21:31:48.305 [main] DEBUG org.apache.http.impl.execchain.MainClientExec - Connection discarded
21:31:48.305 [main] DEBUG org.apache.http.impl.conn.PoolingHttpClientConnectionManager - Connection released: [id: 3][route: {}->http://localhost:8443][total available: 0; route allocated: 0 of 2; total allocated: 0 of 20]
>>>>>>>>>>>>hallo 
21:31:48.306 [main] DEBUG org.graphwalker.core.machine.SimpleMachine - Context: com.mbtroads.UnregService@75bbaef2
21:31:48.306 [main] DEBUG org.graphwalker.core.machine.ExecutionContext - Execute method: 'v_ServiceNotExist' in model: 'UnregisterService'
21:31:48.309 [main] DEBUG org.graphwalker.core.machine.SimpleMachine - Context: com.mbtroads.UnregService@75bbaef2
21:31:48.310 [main] DEBUG org.graphwalker.core.machine.ExecutionContext - Execute method: 'e_End' in model: 'UnregisterService'
21:31:48.314 [main] DEBUG org.graphwalker.core.machine.SimpleMachine - Context: com.mbtroads.UnregService@75bbaef2
21:31:48.315 [main] DEBUG org.graphwalker.core.machine.ExecutionContext - Execute method: 'v_End' in model: 'UnregisterService'
	>>>>>>>>>>>>>>>>>>>>>>>>>>>>>>  vertex <<<<<<<<<<<<<<<<<< 
/Users/marokrikoor/Documents/Graphwalker/ServiceRegistry/Drivers/UnregisterService
]]></system-out>
  </testcase>
</testsuite>